#
# There is insufficient memory for the Java Runtime Environment to continue.
# Native memory allocation (mmap) failed to map 132120576 bytes for G1 virtual space
# Possible reasons:
#   The system is out of physical RAM or swap space
#   The process is running with CompressedOops enabled, and the Java Heap may be blocking the growth of the native heap
# Possible solutions:
#   Reduce memory load on the system
#   Increase physical memory or swap space
#   Check if swap backing store is full
#   Decrease Java heap size (-Xmx/-Xms)
#   Decrease number of Java threads
#   Decrease Java thread stack sizes (-Xss)
#   Set larger code cache with -XX:ReservedCodeCacheSize=
#   JVM is running with Unscaled Compressed Oops mode in which the Java heap is
#     placed in the first 4GB address space. The Java Heap base address is the
#     maximum limit for the native heap growth. Please use -XX:HeapBaseMinAddress
#     to set the Java Heap base and to place the Java Heap above 4GB virtual address.
# This output file may be truncated or incomplete.
#
#  Out of Memory Error (os_windows.cpp:3557), pid=17480, tid=18472
#
# JRE version:  (17.0.6+10) (build )
# Java VM: OpenJDK 64-Bit Server VM (17.0.6+10, mixed mode, sharing, tiered, compressed oops, compressed class ptrs, g1 gc, windows-amd64)
# No core dump will be written. Minidumps are not enabled by default on client versions of Windows
#

---------------  S U M M A R Y ------------

Command Line: --module-path=C:\Users\PC\Downloads\openjfx-20.0.1_windows-x64_bin-sdk\javafx-sdk-20.0.1\lib --add-modules=javafx.controls,javafx.graphics,javafx.fxml -Dfile.encoding=UTF-8 aims_screen.StoreScreen

Host: Intel(R) Core(TM) i5-1035G1 CPU @ 1.00GHz, 8 cores, 7G,  Windows 10 , 64 bit Build 19041 (10.0.19041.3031)
Time: Wed Jun 21 12:26:02 2023 W. Mongolia Standard Time elapsed time: 0.013853 seconds (0d 0h 0m 0s)

---------------  T H R E A D  ---------------

Current thread (0x0000019bd2de8af0):  JavaThread "Unknown thread" [_thread_in_vm, id=18472, stack(0x00000015ad100000,0x00000015ad200000)]

Stack: [0x00000015ad100000,0x00000015ad200000]
Native frames: (J=compiled Java code, j=interpreted, Vv=VM code, C=native code)
V  [jvm.dll+0x67741a]
V  [jvm.dll+0x834434]
V  [jvm.dll+0x835bde]
V  [jvm.dll+0x836243]
V  [jvm.dll+0x2457b5]
V  [jvm.dll+0x674329]
V  [jvm.dll+0x6689da]
V  [jvm.dll+0x30489b]
V  [jvm.dll+0x30bd96]
V  [jvm.dll+0x35b57e]
V  [jvm.dll+0x35b7af]
V  [jvm.dll+0x2db778]
V  [jvm.dll+0x2dc6e4]
V  [jvm.dll+0x806131]
V  [jvm.dll+0x369331]
V  [jvm.dll+0x7e56ac]
V  [jvm.dll+0x3eb35f]
V  [jvm.dll+0x3ecea1]
C  [jli.dll+0x5267]
C  [ucrtbase.dll+0x21bb2]
C  [KERNEL32.DLL+0x17614]
C  [ntdll.dll+0x526f1]


---------------  P R O C E S S  ---------------

Threads class SMR info:
_java_thread_list=0x00007ffb201e5fd8, length=0, elements={
}

Java Threads: ( => current thread )

Other Threads:
  0x0000019bd2e46560 GCTaskThread "GC Thread#0" [stack: 0x00000015ad200000,0x00000015ad300000] [id=18976]
  0x0000019bd2e57600 ConcurrentGCThread "G1 Main Marker" [stack: 0x00000015ad300000,0x00000015ad400000] [id=7948]
  0x0000019bd2e58010 ConcurrentGCThread "G1 Conc#0" [stack: 0x00000015ad400000,0x00000015ad500000] [id=1420]

[error occurred during error reporting (printing all threads), id 0xc0000005, EXCEPTION_ACCESS_VIOLATION (0xc0000005) at pc=0x00007ffb1f9bc1e7]

VM state: not at safepoint (not fully initialized)

VM Mutex/Monitor currently owned by a thread:  ([mutex/lock_event])
[0x0000019bd2de20a0] Heap_lock - owner thread: 0x0000019bd2de8af0

Heap address: 0x0000000083200000, size: 1998 MB, Compressed Oops mode: 32-bit

CDS archive(s) mapped at: [0x0000000000000000-0x0000000000000000-0x0000000000000000), size 0, SharedBaseAddress: 0x0000000800000000, ArchiveRelocationMode: 0.
Narrow klass base: 0x0000000000000000, Narrow klass shift: 0, Narrow klass range: 0x0

GC Precious Log:
<Empty>

Heap:
 garbage-first heap   total 0K, used 0K [0x0000000083200000, 0x0000000100000000)
  region size 1024K, 0 young (0K), 0 survivors (0K)

[error occurred during error reporting (printing heap information), id 0xc0000005, EXCEPTION_ACCESS_VIOLATION (0xc0000005) at pc=0x00007ffb1fda06f9]

GC Heap History (0 events):
No events

Dll operation events (1 events):
Event: 0.007 Loaded shared library C:\Program Files\Eclipse Adoptium\jdk-17.0.6.10-hotspot\bin\java.dll

Deoptimization events (0 events):
No events

Classes unloaded (0 events):
No events

Classes redefined (0 events):
No events

Internal exceptions (0 events):
No events

VM Operations (0 events):
No events

Events (0 events):
No events


Dynamic libraries:
0x00007ff70f930000 - 0x00007ff70f93e000 	C:\Program Files\Eclipse Adoptium\jdk-17.0.6.10-hotspot\bin\javaw.exe
0x00007ffb612f0000 - 0x00007ffb614e8000 	C:\WINDOWS\SYSTEM32\ntdll.dll
0x00007ffb5fc70000 - 0x00007ffb5fd2f000 	C:\WINDOWS\System32\KERNEL32.DLL
0x00007ffb5ec10000 - 0x00007ffb5ef06000 	C:\WINDOWS\System32\KERNELBASE.dll
0x00007ffb5ea70000 - 0x00007ffb5eb70000 	C:\WINDOWS\System32\ucrtbase.dll
0x00007ffb57610000 - 0x00007ffb57629000 	C:\Program Files\Eclipse Adoptium\jdk-17.0.6.10-hotspot\bin\VCRUNTIME140.dll
0x00007ffb57630000 - 0x00007ffb57647000 	C:\Program Files\Eclipse Adoptium\jdk-17.0.6.10-hotspot\bin\jli.dll
0x00007ffb60740000 - 0x00007ffb608dd000 	C:\WINDOWS\System32\USER32.dll
0x00007ffb5f120000 - 0x00007ffb5f142000 	C:\WINDOWS\System32\win32u.dll
0x00007ffb3ed20000 - 0x00007ffb3efba000 	C:\WINDOWS\WinSxS\amd64_microsoft.windows.common-controls_6595b64144ccf1df_6.0.19041.1110_none_60b5254171f9507e\COMCTL32.dll
0x00007ffb60530000 - 0x00007ffb6055c000 	C:\WINDOWS\System32\GDI32.dll
0x00007ffb5fe40000 - 0x00007ffb5fede000 	C:\WINDOWS\System32\msvcrt.dll
0x00007ffb5f150000 - 0x00007ffb5f265000 	C:\WINDOWS\System32\gdi32full.dll
0x00007ffb5eb70000 - 0x00007ffb5ec0d000 	C:\WINDOWS\System32\msvcp_win.dll
0x00007ffb606f0000 - 0x00007ffb60720000 	C:\WINDOWS\System32\IMM32.DLL
0x00007ffb5bdc0000 - 0x00007ffb5bdcc000 	C:\Program Files\Eclipse Adoptium\jdk-17.0.6.10-hotspot\bin\vcruntime140_1.dll
0x00007ffb57570000 - 0x00007ffb57601000 	C:\Program Files\Eclipse Adoptium\jdk-17.0.6.10-hotspot\bin\msvcp140.dll
0x00007ffb1f6d0000 - 0x00007ffb20317000 	C:\Program Files\Eclipse Adoptium\jdk-17.0.6.10-hotspot\bin\server\jvm.dll
0x00007ffb5f820000 - 0x00007ffb5f8cf000 	C:\WINDOWS\System32\ADVAPI32.dll
0x00007ffb5f780000 - 0x00007ffb5f81c000 	C:\WINDOWS\System32\sechost.dll
0x00007ffb605c0000 - 0x00007ffb606e6000 	C:\WINDOWS\System32\RPCRT4.dll
0x00007ffb4d4f0000 - 0x00007ffb4d4f9000 	C:\WINDOWS\SYSTEM32\WSOCK32.dll
0x00007ffb5fdd0000 - 0x00007ffb5fe3b000 	C:\WINDOWS\System32\WS2_32.dll
0x00007ffb4b620000 - 0x00007ffb4b647000 	C:\WINDOWS\SYSTEM32\WINMM.dll
0x00007ffb57110000 - 0x00007ffb5711a000 	C:\WINDOWS\SYSTEM32\VERSION.dll
0x00007ffb5d210000 - 0x00007ffb5d222000 	C:\WINDOWS\SYSTEM32\kernel.appcore.dll
0x00007ffb4d130000 - 0x00007ffb4d13a000 	C:\Program Files\Eclipse Adoptium\jdk-17.0.6.10-hotspot\bin\jimage.dll
0x00007ffb5c780000 - 0x00007ffb5c964000 	C:\WINDOWS\SYSTEM32\DBGHELP.DLL
0x00007ffb49600000 - 0x00007ffb49634000 	C:\WINDOWS\SYSTEM32\dbgcore.DLL
0x00007ffb5f2c0000 - 0x00007ffb5f342000 	C:\WINDOWS\System32\bcryptPrimitives.dll
0x00007ffb3f110000 - 0x00007ffb3f135000 	C:\Program Files\Eclipse Adoptium\jdk-17.0.6.10-hotspot\bin\java.dll

dbghelp: loaded successfully - version: 4.0.5 - missing functions: none
symbol engine: initialized successfully - sym options: 0x614 - pdb path: .;C:\Program Files\Eclipse Adoptium\jdk-17.0.6.10-hotspot\bin;C:\WINDOWS\SYSTEM32;C:\WINDOWS\WinSxS\amd64_microsoft.windows.common-controls_6595b64144ccf1df_6.0.19041.1110_none_60b5254171f9507e;C:\Program Files\Eclipse Adoptium\jdk-17.0.6.10-hotspot\bin\server

VM Arguments:
jvm_args: --module-path=C:\Users\PC\Downloads\openjfx-20.0.1_windows-x64_bin-sdk\javafx-sdk-20.0.1\lib --add-modules=javafx.controls,javafx.graphics,javafx.fxml -Dfile.encoding=UTF-8 
java_command: aims_screen.StoreScreen
java_class_path (initial): C:\Users\PC\eclipse-workspace\AimsProject\bin;C:\Users\PC\Downloads\openjfx-20.0.1_windows-x64_bin-sdk\javafx-sdk-20.0.1\lib\javafx.base.jar;C:\Users\PC\Downloads\openjfx-20.0.1_windows-x64_bin-sdk\javafx-sdk-20.0.1\lib\javafx.controls.jar;C:\Users\PC\Downloads\openjfx-20.0.1_windows-x64_bin-sdk\javafx-sdk-20.0.1\lib\javafx.fxml.jar;C:\Users\PC\Downloads\openjfx-20.0.1_windows-x64_bin-sdk\javafx-sdk-20.0.1\lib\javafx.graphics.jar;C:\Users\PC\Downloads\openjfx-20.0.1_windows-x64_bin-sdk\javafx-sdk-20.0.1\lib\javafx.media.jar;C:\Users\PC\Downloads\openjfx-20.0.1_windows-x64_bin-sdk\javafx-sdk-20.0.1\lib\javafx.swing.jar;C:\Users\PC\Downloads\openjfx-20.0.1_windows-x64_bin-sdk\javafx-sdk-20.0.1\lib\javafx.web.jar;C:\Users\PC\Downloads\openjfx-20.0.1_windows-x64_bin-sdk\javafx-sdk-20.0.1\lib\javafx-swt.jar
Launcher Type: SUN_STANDARD

[Global flags]
     intx CICompilerCount                          = 4                                         {product} {ergonomic}
     uint ConcGCThreads                            = 2                                         {product} {ergonomic}
     uint G1ConcRefinementThreads                  = 8                                         {product} {ergonomic}
   size_t G1HeapRegionSize                         = 1048576                                   {product} {ergonomic}
    uintx GCDrainStackTargetSize                   = 64                                        {product} {ergonomic}
   size_t InitialHeapSize                          = 132120576                                 {product} {ergonomic}
   size_t MarkStackSize                            = 4194304                                   {product} {ergonomic}
   size_t MaxHeapSize                              = 2095054848                                {product} {ergonomic}
   size_t MinHeapDeltaBytes                        = 1048576                                   {product} {ergonomic}
   size_t MinHeapSize                              = 8388608                                   {product} {ergonomic}
    uintx NonNMethodCodeHeapSize                   = 5839372                                {pd product} {ergonomic}
    uintx NonProfiledCodeHeapSize                  = 122909434                              {pd product} {ergonomic}
    uintx ProfiledCodeHeapSize                     = 122909434                              {pd product} {ergonomic}
    uintx ReservedCodeCacheSize                    = 251658240                              {pd product} {ergonomic}
     bool SegmentedCodeCache                       = true                                      {product} {ergonomic}
   size_t SoftMaxHeapSize                          = 2095054848                             {manageable} {ergonomic}
     bool UseCompressedClassPointers               = true                           {product lp64_product} {ergonomic}
     bool UseCompressedOops                        = true                           {product lp64_product} {ergonomic}
     bool UseG1GC                                  = true                                      {product} {ergonomic}
     bool UseLargePagesIndividualAllocation        = false                                  {pd product} {ergonomic}

Logging:
Log output configuration:
 #0: stdout all=warning uptime,level,tags
 #1: stderr all=off uptime,level,tags

Environment Variables:
JAVA_HOME=C:\Program Files\Java\jdk-17.0.1
PATH=C:/Program Files/Eclipse Adoptium/jdk-17.0.6.10-hotspot/bin/server;C:/Program Files/Eclipse Adoptium/jdk-17.0.6.10-hotspot/bin;C:\Program Files\Eclipse Adoptium\jdk-17.0.6.10-hotspot\bin;C:\WINDOWS;C:\WINDOWS\System32\Wbem;C:\WINDOWS\System32\WindowsPowerShell\v1.0\;C:\WINDOWS\System32\OpenSSH\;C:\Program Files (x86)\mingw-w64\i686-8.1.0-posix-dwarf-rt_v6-rev0\mingw32\bin;C:\Users\PC\AppData\Local\GitHubDesktop\app-2.9.6;C:\Program Files\Microsoft SQL Server\Client SDK\ODBC\110\Tools\Binn\;C:\Program Files (x86)\Microsoft SQL Server\120\Tools\Binn\;C:\Program Files\Microsoft SQL Server\120\Tools\Binn\;C:\Program Files\Microsoft SQL Server\120\DTS\Binn\;C:\Program Files (x86)\Microsoft SQL Server\120\Tools\Binn\ManagementStudio\;C:\Program Files (x86)\Microsoft SQL Server\120\DTS\Binn\;C:\Program Files\CMake\bin;C:\Program Files\Git\cmd;C:\Users\PC\AppData\Local\Programs\Python\Python311\Scripts\;C:\Users\PC\AppData\Local\Programs\Python\Python311\;C:\Users\PC\AppData\Local\Microsoft\WindowsApps;C:\msys64;C:\ProgramData\PC\GitHubDesktop\bin;C:\Users\PC\AppData\Local\GitHubDesktop\bin;C:\Users\PC\Desktop;
USERNAME=PC
OS=Windows_NT
PROCESSOR_IDENTIFIER=Intel64 Family 6 Model 126 Stepping 5, GenuineIntel
TMP=C:\Users\PC\AppData\Local\Temp
TEMP=C:\Users\PC\AppData\Local\Temp



---------------  S Y S T E M  ---------------

OS:
 Windows 10 , 64 bit Build 19041 (10.0.19041.3031)
OS uptime: 0 days 22:33 hours

CPU: total 8 (initial active 8) (4 cores per cpu, 2 threads per core) family 6 model 126 stepping 5 microcode 0x78, cx8, cmov, fxsr, ht, mmx, 3dnowpref, sse, sse2, sse3, ssse3, sse4.1, sse4.2, popcnt, lzcnt, tsc, tscinvbit, avx, avx2, aes, erms, clmul, bmi1, bmi2, adx, avx512f, avx512dq, avx512cd, avx512bw, avx512vl, sha, fma, vzeroupper, avx512_vpopcntdq, avx512_vpclmulqdq, avx512_vaes, avx512_vnni, clflush, clflushopt, avx512_vbmi2, avx512_vbmi

Memory: 4k page, system-wide physical 7987M (1286M free)
TotalPageFile size 19199M (AvailPageFile size 81M)
current process WorkingSet (physical memory assigned to process): 10M, peak: 10M
current process commit charge ("private bytes"): 60M, peak: 186M

vm_info: OpenJDK 64-Bit Server VM (17.0.6+10) for windows-amd64 JRE (17.0.6+10), built on Jan 18 2023 10:08:59 by "temurin" with MS VC++ 16.7 (VS2019)

END.
